{"name": "YWPD-TC-336 - Verify that the user is able to automate SWM Policies successfully with web small -- @1.1 ", "status": "broken", "statusDetails": {"message": "selenium.common.exceptions.NoSuchElementException: Message: no such element: Unable to locate element: {\"method\":\"xpath\",\"selector\":\"//table[@id='AutmateSWMPolicies']/tbody/tr[2]/td[3]\"}\n  (Session info: chrome=127.0.6533.74); For documentation on this error, please visit: https://www.selenium.dev/documentation/webdriver/troubleshooting/errors#no-such-element-exception\nStacktrace:\n\tGetHandleVerifier [0x00007FF7323E9632+30946]\n\t(No symbol) [0x00007FF73239E3C9]\n\t(No symbol) [0x00007FF732296FDA]\n\t(No symbol) [0x00007FF7322E822C]\n\t(No symbol) [0x00007FF7322E850C]\n\t(No symbol) [0x00007FF73232DCB7]\n\t(No symbol) [0x00007FF73230CAAF]\n\t(No symbol) [0x00007FF73232B041]\n\t(No symbol) [0x00007FF73230C813]\n\t(No symbol) [0x00007FF7322DA6E5]\n\t(No symbol) [0x00007FF7322DB021]\n\tGetHandleVerifier [0x00007FF73251F83D+1301229]\n\tGetHandleVerifier [0x00007FF73252BDB7+1351783]\n\tGetHandleVerifier [0x00007FF732522A03+1313971]\n\tGetHandleVerifier [0x00007FF73241DD06+245686]\n\t(No symbol) [0x00007FF7323A758F]\n\t(No symbol) [0x00007FF7323A3804]\n\t(No symbol) [0x00007FF7323A3992]\n\t(No symbol) [0x00007FF73239A3EF]\n\tBaseThreadInitThunk [0x00007FFDEF26257D+29]\n\tRtlUserThreadStart [0x00007FFDEF66AF28+40]\n\n", "trace": "  File \"C:\\Users\\shahbaz.hanif\\AppData\\Local\\Programs\\Python\\Python312\\Lib\\site-packages\\behave\\model.py\", line 1329, in run\n    match.run(runner.context)\n  File \"C:\\Users\\shahbaz.hanif\\AppData\\Local\\Programs\\Python\\Python312\\Lib\\site-packages\\behave\\matchers.py\", line 98, in run\n    self.func(context, *args, **kwargs)\n  File \"features\\steps\\SWMAutomatePolicies.py\", line 67, in step_impl\n    sa.verify_newly_created_automate_swm_policy_name(context, \"SWM_Policy_TestProgram\")\n  File \"D:\\MyData\\yieldWerx_Automation_1.0\\Pages\\SWMAutomatePolicyWindowPage.py\", line 57, in verify_newly_created_automate_swm_policy_name\n    element = context.driver.find_element(By.XPATH, self.automate_policy_name_xpath)\n              ^^^^^^^^^^^^^^^^^^^^^^^^^^^^^^^^^^^^^^^^^^^^^^^^^^^^^^^^^^^^^^^^^^^^^^\n  File \"C:\\Users\\shahbaz.hanif\\AppData\\Local\\Programs\\Python\\Python312\\Lib\\site-packages\\selenium\\webdriver\\remote\\webdriver.py\", line 748, in find_element\n    return self.execute(Command.FIND_ELEMENT, {\"using\": by, \"value\": value})[\"value\"]\n           ^^^^^^^^^^^^^^^^^^^^^^^^^^^^^^^^^^^^^^^^^^^^^^^^^^^^^^^^^^^^^^^^^\n  File \"C:\\Users\\shahbaz.hanif\\AppData\\Local\\Programs\\Python\\Python312\\Lib\\site-packages\\selenium\\webdriver\\remote\\webdriver.py\", line 354, in execute\n    self.error_handler.check_response(response)\n  File \"C:\\Users\\shahbaz.hanif\\AppData\\Local\\Programs\\Python\\Python312\\Lib\\site-packages\\selenium\\webdriver\\remote\\errorhandler.py\", line 229, in check_response\n    raise exception_class(message, screen, stacktrace)\n"}, "steps": [{"name": "Given The user is successfully logged in the yieldWerx web application", "status": "passed", "start": 1722842126092, "stop": 1722842139060}, {"name": "When Click on \"SWM\" in the left menu bar", "status": "passed", "start": 1722842139060, "stop": 1722842139119}, {"name": "When Click \"Automate SWM Policies\" and new window will open", "status": "passed", "start": 1722842139119, "stop": 1722842140680}, {"name": "When Click on \"Automate SWM Policy\" and Create Automate SWM Policy window will open", "status": "passed", "start": 1722842140680, "stop": 1722842151156}, {"name": "When Select Source Facility as \"WEB SMALL DATASET\", Source Work Center as \"WAFER SORT\"", "status": "passed", "start": 1722842151156, "stop": 1722842168258}, {"name": "When Select the Source Device as \"4670\" and the Source Test Program as \"PREBAKE_A_4670\"", "status": "passed", "start": 1722842168258, "stop": 1722842168304}, {"name": "When Select the Target Facility as \"WEB SMALL DATASET\", Target Work Center as \"WAFER SORT\"", "status": "passed", "start": 1722842168304, "stop": 1722842178652}, {"name": "When Select the Target Device as \"4670\" and the Target Test Program as \"POSTBAKE_A_4670\"", "status": "passed", "start": 1722842178654, "stop": 1722842178701}, {"name": "When Select policy from Policies as \"4670 Test Program\" section and click on \"Save\" button", "status": "passed", "start": 1722842178701, "stop": 1722842183799}, {"name": "When SWM Policy has been created and displayed in \"Automate SWM Policies\" window", "status": "passed", "start": 1722842183799, "stop": 1722842191135}, {"name": "When Enable check box available infront of each created Automate SWM Policy in Automate SWM Policies window to automate the policy", "status": "passed", "start": 1722842191135, "stop": 1722842202231}, {"name": "Then Verify that the policy will be automated with success message", "status": "broken", "statusDetails": {"message": "selenium.common.exceptions.TimeoutException: Message: \nStacktrace:\n\tGetHandleVerifier [0x00007FF7323E9632+30946]\n\t(No symbol) [0x00007FF73239E3C9]\n\t(No symbol) [0x00007FF732296FDA]\n\t(No symbol) [0x00007FF7322E822C]\n\t(No symbol) [0x00007FF7322E850C]\n\t(No symbol) [0x00007FF73232DCB7]\n\t(No symbol) [0x00007FF73230CAAF]\n\t(No symbol) [0x00007FF73232B041]\n\t(No symbol) [0x00007FF73230C813]\n\t(No symbol) [0x00007FF7322DA6E5]\n\t(No symbol) [0x00007FF7322DB021]\n\tGetHandleVerifier [0x00007FF73251F83D+1301229]\n\tGetHandleVerifier [0x00007FF73252BDB7+1351783]\n\tGetHandleVerifier [0x00007FF732522A03+1313971]\n\tGetHandleVerifier [0x00007FF73241DD06+245686]\n\t(No symbol) [0x00007FF7323A758F]\n\t(No symbol) [0x00007FF7323A3804]\n\t(No symbol) [0x00007FF7323A3992]\n\t(No symbol) [0x00007FF73239A3EF]\n\tBaseThreadInitThunk [0x00007FFDEF26257D+29]\n\tRtlUserThreadStart [0x00007FFDEF66AF28+40]\n\n", "trace": "  File \"C:\\Users\\shahbaz.hanif\\AppData\\Local\\Programs\\Python\\Python312\\Lib\\site-packages\\behave\\model.py\", line 1329, in run\n    match.run(runner.context)\n  File \"C:\\Users\\shahbaz.hanif\\AppData\\Local\\Programs\\Python\\Python312\\Lib\\site-packages\\behave\\matchers.py\", line 98, in run\n    self.func(context, *args, **kwargs)\n  File \"features\\steps\\SWMAutomatePolicies.py\", line 79, in step_impl\n    sa.verify_success_popup(context)\n  File \"D:\\MyData\\yieldWerx_Automation_1.0\\Pages\\SWMAutomatePolicyWindowPage.py\", line 35, in verify_success_popup\n    wait.until(EC.visibility_of_element_located((By.CSS_SELECTOR, self.success_popup_css)))\n  File \"C:\\Users\\shahbaz.hanif\\AppData\\Local\\Programs\\Python\\Python312\\Lib\\site-packages\\selenium\\webdriver\\support\\wait.py\", line 105, in until\n    raise TimeoutException(message, screen, stacktrace)\n"}, "attachments": [{"name": "failed_screenshot", "source": "cb26a46a-5407-4b01-94ef-54344e9d8bb8-attachment.png", "type": "image/png"}], "start": 1722842202231, "stop": 1722842262833}, {"name": "Given The user is successfully logged in the yieldWerx web application", "status": "passed", "start": 1722842262836, "stop": 1722842276264}, {"name": "When Click on \"SWM\" in the left menu bar", "status": "passed", "start": 1722842276264, "stop": 1722842276320}, {"name": "When Click \"Automate SWM Policies\" and new window will open", "status": "passed", "start": 1722842276321, "stop": 1722842277932}, {"name": "When Click on \"Automate SWM Policy\" and Create Automate SWM Policy window will open", "status": "passed", "start": 1722842277932, "stop": 1722842289386}, {"name": "When Select Source Facility as \"WEB SMALL DATASET\", Source Work Center as \"WAFER SORT\"", "status": "passed", "start": 1722842289386, "stop": 1722842305460}, {"name": "When Select the Source Device as \"4670\" and the Source Test Program as \"PREBAKE_A_4670\"", "status": "passed", "start": 1722842305460, "stop": 1722842305510}, {"name": "When Select the Target Facility as \"WEB SMALL DATASET\", Target Work Center as \"WAFER SORT\"", "status": "passed", "start": 1722842305510, "stop": 1722842317400}, {"name": "When Select the Target Device as \"4670\" and the Target Test Program as \"POSTBAKE_A_4670\"", "status": "passed", "start": 1722842317400, "stop": 1722842317450}, {"name": "When Select policy from Policies as \"4670 Test Program\" section and click on \"Save\" button", "status": "passed", "start": 1722842317450, "stop": 1722842322548}, {"name": "When SWM Policy has been created and displayed in \"Automate SWM Policies\" window", "status": "passed", "start": 1722842322548, "stop": 1722842322581}, {"name": "When Enable check box available infront of each created Automate SWM Policy in Automate SWM Policies window to automate the policy", "status": "broken", "statusDetails": {"message": "selenium.common.exceptions.TimeoutException: Message: \n\n", "trace": "  File \"C:\\Users\\shahbaz.hanif\\AppData\\Local\\Programs\\Python\\Python312\\Lib\\site-packages\\behave\\model.py\", line 1329, in run\n    match.run(runner.context)\n  File \"C:\\Users\\shahbaz.hanif\\AppData\\Local\\Programs\\Python\\Python312\\Lib\\site-packages\\behave\\matchers.py\", line 98, in run\n    self.func(context, *args, **kwargs)\n  File \"features\\steps\\SWMAutomatePolicies.py\", line 72, in step_impl\n    sa.click_automate_policy_checkbox(context)\n  File \"D:\\MyData\\yieldWerx_Automation_1.0\\Pages\\SWMAutomatePolicyWindowPage.py\", line 50, in click_automate_policy_checkbox\n    wait.until(EC.invisibility_of_element_located((By.CSS_SELECTOR, self.save_btn_css)))\n  File \"C:\\Users\\shahbaz.hanif\\AppData\\Local\\Programs\\Python\\Python312\\Lib\\site-packages\\selenium\\webdriver\\support\\wait.py\", line 105, in until\n    raise TimeoutException(message, screen, stacktrace)\n"}, "attachments": [{"name": "failed_screenshot", "source": "f6886a31-db65-484e-8081-6f5a4bb69f86-attachment.png", "type": "image/png"}], "start": 1722842322581, "stop": 1722842383145}, {"name": "Then Verify that the policy will be automated with success message", "status": "passed", "start": 1722842383147, "stop": 1722842395335}, {"name": "Given The user is successfully logged in the yieldWerx web application", "status": "passed", "start": 1722842395335, "stop": 1722842395393}, {"name": "When Click on \"SWM\" in the left menu bar", "status": "passed", "start": 1722842395393, "stop": 1722842397209}, {"name": "When Click \"Automate SWM Policies\" and new window will open", "status": "passed", "start": 1722842397209, "stop": 1722842406141}, {"name": "When Click on \"Automate SWM Policy\" and Create Automate SWM Policy window will open", "status": "passed", "start": 1722842406141, "stop": 1722842421227}, {"name": "When Select Source Facility as \"WEB SMALL DATASET\", Source Work Center as \"WAFER SORT\"", "status": "passed", "start": 1722842421227, "stop": 1722842421276}, {"name": "When Select the Source Device as \"4670\" and the Source Test Program as \"PREBAKE_A_4670\"", "status": "passed", "start": 1722842421276, "stop": 1722842432670}, {"name": "When Select the Target Facility as \"WEB SMALL DATASET\", Target Work Center as \"WAFER SORT\"", "status": "passed", "start": 1722842432671, "stop": 1722842432718}, {"name": "When Select the Target Device as \"4670\" and the Target Test Program as \"POSTBAKE_A_4670\"", "status": "passed", "start": 1722842432718, "stop": 1722842437809}, {"name": "When Select policy from Policies as \"4670 Test Program\" section and click on \"Save\" button", "status": "broken", "statusDetails": {"message": "selenium.common.exceptions.NoSuchElementException: Message: no such element: Unable to locate element: {\"method\":\"xpath\",\"selector\":\"//table[@id='AutmateSWMPolicies']/tbody/tr[2]/td[3]\"}\n  (Session info: chrome=127.0.6533.74); For documentation on this error, please visit: https://www.selenium.dev/documentation/webdriver/troubleshooting/errors#no-such-element-exception\nStacktrace:\n\tGetHandleVerifier [0x00007FF7323E9632+30946]\n\t(No symbol) [0x00007FF73239E3C9]\n\t(No symbol) [0x00007FF732296FDA]\n\t(No symbol) [0x00007FF7322E822C]\n\t(No symbol) [0x00007FF7322E850C]\n\t(No symbol) [0x00007FF73232DCB7]\n\t(No symbol) [0x00007FF73230CAAF]\n\t(No symbol) [0x00007FF73232B041]\n\t(No symbol) [0x00007FF73230C813]\n\t(No symbol) [0x00007FF7322DA6E5]\n\t(No symbol) [0x00007FF7322DB021]\n\tGetHandleVerifier [0x00007FF73251F83D+1301229]\n\tGetHandleVerifier [0x00007FF73252BDB7+1351783]\n\tGetHandleVerifier [0x00007FF732522A03+1313971]\n\tGetHandleVerifier [0x00007FF73241DD06+245686]\n\t(No symbol) [0x00007FF7323A758F]\n\t(No symbol) [0x00007FF7323A3804]\n\t(No symbol) [0x00007FF7323A3992]\n\t(No symbol) [0x00007FF73239A3EF]\n\tBaseThreadInitThunk [0x00007FFDEF26257D+29]\n\tRtlUserThreadStart [0x00007FFDEF66AF28+40]\n\n", "trace": "  File \"C:\\Users\\shahbaz.hanif\\AppData\\Local\\Programs\\Python\\Python312\\Lib\\site-packages\\behave\\model.py\", line 1329, in run\n    match.run(runner.context)\n  File \"C:\\Users\\shahbaz.hanif\\AppData\\Local\\Programs\\Python\\Python312\\Lib\\site-packages\\behave\\matchers.py\", line 98, in run\n    self.func(context, *args, **kwargs)\n  File \"features\\steps\\SWMAutomatePolicies.py\", line 67, in step_impl\n    sa.verify_newly_created_automate_swm_policy_name(context, \"SWM_Policy_TestProgram\")\n  File \"D:\\MyData\\yieldWerx_Automation_1.0\\Pages\\SWMAutomatePolicyWindowPage.py\", line 57, in verify_newly_created_automate_swm_policy_name\n    element = context.driver.find_element(By.XPATH, self.automate_policy_name_xpath)\n              ^^^^^^^^^^^^^^^^^^^^^^^^^^^^^^^^^^^^^^^^^^^^^^^^^^^^^^^^^^^^^^^^^^^^^^\n  File \"C:\\Users\\shahbaz.hanif\\AppData\\Local\\Programs\\Python\\Python312\\Lib\\site-packages\\selenium\\webdriver\\remote\\webdriver.py\", line 748, in find_element\n    return self.execute(Command.FIND_ELEMENT, {\"using\": by, \"value\": value})[\"value\"]\n           ^^^^^^^^^^^^^^^^^^^^^^^^^^^^^^^^^^^^^^^^^^^^^^^^^^^^^^^^^^^^^^^^^\n  File \"C:\\Users\\shahbaz.hanif\\AppData\\Local\\Programs\\Python\\Python312\\Lib\\site-packages\\selenium\\webdriver\\remote\\webdriver.py\", line 354, in execute\n    self.error_handler.check_response(response)\n  File \"C:\\Users\\shahbaz.hanif\\AppData\\Local\\Programs\\Python\\Python312\\Lib\\site-packages\\selenium\\webdriver\\remote\\errorhandler.py\", line 229, in check_response\n    raise exception_class(message, screen, stacktrace)\n"}, "attachments": [{"name": "failed_screenshot", "source": "259ea0f1-60f8-4766-bebc-191cd899a7f2-attachment.png", "type": "image/png"}], "start": 1722842437809, "stop": 1722842437941}, {"name": "When SWM Policy has been created and displayed in \"Automate SWM Policies\" window", "status": "broken", "statusDetails": {"message": "selenium.common.exceptions.NoSuchElementException: Message: no such element: Unable to locate element: {\"method\":\"xpath\",\"selector\":\"//table[@id='AutmateSWMPolicies']/tbody/tr[2]/td[3]\"}\n  (Session info: chrome=127.0.6533.74); For documentation on this error, please visit: https://www.selenium.dev/documentation/webdriver/troubleshooting/errors#no-such-element-exception\nStacktrace:\n\tGetHandleVerifier [0x00007FF7323E9632+30946]\n\t(No symbol) [0x00007FF73239E3C9]\n\t(No symbol) [0x00007FF732296FDA]\n\t(No symbol) [0x00007FF7322E822C]\n\t(No symbol) [0x00007FF7322E850C]\n\t(No symbol) [0x00007FF73232DCB7]\n\t(No symbol) [0x00007FF73230CAAF]\n\t(No symbol) [0x00007FF73232B041]\n\t(No symbol) [0x00007FF73230C813]\n\t(No symbol) [0x00007FF7322DA6E5]\n\t(No symbol) [0x00007FF7322DB021]\n\tGetHandleVerifier [0x00007FF73251F83D+1301229]\n\tGetHandleVerifier [0x00007FF73252BDB7+1351783]\n\tGetHandleVerifier [0x00007FF732522A03+1313971]\n\tGetHandleVerifier [0x00007FF73241DD06+245686]\n\t(No symbol) [0x00007FF7323A758F]\n\t(No symbol) [0x00007FF7323A3804]\n\t(No symbol) [0x00007FF7323A3992]\n\t(No symbol) [0x00007FF73239A3EF]\n\tBaseThreadInitThunk [0x00007FFDEF26257D+29]\n\tRtlUserThreadStart [0x00007FFDEF66AF28+40]\n\n", "trace": "  File \"C:\\Users\\shahbaz.hanif\\AppData\\Local\\Programs\\Python\\Python312\\Lib\\site-packages\\behave\\model.py\", line 1329, in run\n    match.run(runner.context)\n  File \"C:\\Users\\shahbaz.hanif\\AppData\\Local\\Programs\\Python\\Python312\\Lib\\site-packages\\behave\\matchers.py\", line 98, in run\n    self.func(context, *args, **kwargs)\n  File \"features\\steps\\SWMAutomatePolicies.py\", line 67, in step_impl\n    sa.verify_newly_created_automate_swm_policy_name(context, \"SWM_Policy_TestProgram\")\n  File \"D:\\MyData\\yieldWerx_Automation_1.0\\Pages\\SWMAutomatePolicyWindowPage.py\", line 57, in verify_newly_created_automate_swm_policy_name\n    element = context.driver.find_element(By.XPATH, self.automate_policy_name_xpath)\n              ^^^^^^^^^^^^^^^^^^^^^^^^^^^^^^^^^^^^^^^^^^^^^^^^^^^^^^^^^^^^^^^^^^^^^^\n  File \"C:\\Users\\shahbaz.hanif\\AppData\\Local\\Programs\\Python\\Python312\\Lib\\site-packages\\selenium\\webdriver\\remote\\webdriver.py\", line 748, in find_element\n    return self.execute(Command.FIND_ELEMENT, {\"using\": by, \"value\": value})[\"value\"]\n           ^^^^^^^^^^^^^^^^^^^^^^^^^^^^^^^^^^^^^^^^^^^^^^^^^^^^^^^^^^^^^^^^^\n  File \"C:\\Users\\shahbaz.hanif\\AppData\\Local\\Programs\\Python\\Python312\\Lib\\site-packages\\selenium\\webdriver\\remote\\webdriver.py\", line 354, in execute\n    self.error_handler.check_response(response)\n  File \"C:\\Users\\shahbaz.hanif\\AppData\\Local\\Programs\\Python\\Python312\\Lib\\site-packages\\selenium\\webdriver\\remote\\errorhandler.py\", line 229, in check_response\n    raise exception_class(message, screen, stacktrace)\n"}, "start": 1722842437941, "stop": 1722842437941}, {"name": "When Enable check box available infront of each created Automate SWM Policy in Automate SWM Policies window to automate the policy", "status": "broken", "statusDetails": {"message": "selenium.common.exceptions.TimeoutException: Message: \n\n", "trace": "  File \"C:\\Users\\shahbaz.hanif\\AppData\\Local\\Programs\\Python\\Python312\\Lib\\site-packages\\behave\\model.py\", line 1329, in run\n    match.run(runner.context)\n  File \"C:\\Users\\shahbaz.hanif\\AppData\\Local\\Programs\\Python\\Python312\\Lib\\site-packages\\behave\\matchers.py\", line 98, in run\n    self.func(context, *args, **kwargs)\n  File \"features\\steps\\SWMAutomatePolicies.py\", line 72, in step_impl\n    sa.click_automate_policy_checkbox(context)\n  File \"D:\\MyData\\yieldWerx_Automation_1.0\\Pages\\SWMAutomatePolicyWindowPage.py\", line 50, in click_automate_policy_checkbox\n    wait.until(EC.invisibility_of_element_located((By.CSS_SELECTOR, self.save_btn_css)))\n  File \"C:\\Users\\shahbaz.hanif\\AppData\\Local\\Programs\\Python\\Python312\\Lib\\site-packages\\selenium\\webdriver\\support\\wait.py\", line 105, in until\n    raise TimeoutException(message, screen, stacktrace)\n"}, "start": 1722842437941, "stop": 1722842437941}, {"name": "Then Verify that the policy will be automated with success message", "status": "broken", "statusDetails": {"message": "selenium.common.exceptions.TimeoutException: Message: \nStacktrace:\n\tGetHandleVerifier [0x00007FF7323E9632+30946]\n\t(No symbol) [0x00007FF73239E3C9]\n\t(No symbol) [0x00007FF732296FDA]\n\t(No symbol) [0x00007FF7322E822C]\n\t(No symbol) [0x00007FF7322E850C]\n\t(No symbol) [0x00007FF73232DCB7]\n\t(No symbol) [0x00007FF73230CAAF]\n\t(No symbol) [0x00007FF73232B041]\n\t(No symbol) [0x00007FF73230C813]\n\t(No symbol) [0x00007FF7322DA6E5]\n\t(No symbol) [0x00007FF7322DB021]\n\tGetHandleVerifier [0x00007FF73251F83D+1301229]\n\tGetHandleVerifier [0x00007FF73252BDB7+1351783]\n\tGetHandleVerifier [0x00007FF732522A03+1313971]\n\tGetHandleVerifier [0x00007FF73241DD06+245686]\n\t(No symbol) [0x00007FF7323A758F]\n\t(No symbol) [0x00007FF7323A3804]\n\t(No symbol) [0x00007FF7323A3992]\n\t(No symbol) [0x00007FF73239A3EF]\n\tBaseThreadInitThunk [0x00007FFDEF26257D+29]\n\tRtlUserThreadStart [0x00007FFDEF66AF28+40]\n\n", "trace": "  File \"C:\\Users\\shahbaz.hanif\\AppData\\Local\\Programs\\Python\\Python312\\Lib\\site-packages\\behave\\model.py\", line 1329, in run\n    match.run(runner.context)\n  File \"C:\\Users\\shahbaz.hanif\\AppData\\Local\\Programs\\Python\\Python312\\Lib\\site-packages\\behave\\matchers.py\", line 98, in run\n    self.func(context, *args, **kwargs)\n  File \"features\\steps\\SWMAutomatePolicies.py\", line 79, in step_impl\n    sa.verify_success_popup(context)\n  File \"D:\\MyData\\yieldWerx_Automation_1.0\\Pages\\SWMAutomatePolicyWindowPage.py\", line 35, in verify_success_popup\n    wait.until(EC.visibility_of_element_located((By.CSS_SELECTOR, self.success_popup_css)))\n  File \"C:\\Users\\shahbaz.hanif\\AppData\\Local\\Programs\\Python\\Python312\\Lib\\site-packages\\selenium\\webdriver\\support\\wait.py\", line 105, in until\n    raise TimeoutException(message, screen, stacktrace)\n"}, "start": 1722842437941, "stop": 1722842437941}], "parameters": [{"name": "Source Facility", "value": "WEB SMALL DATASET"}, {"name": "Source Work Center", "value": "WAFER SORT"}, {"name": "Source Device", "value": "4670"}, {"name": "Source Test Program", "value": "PREBAKE_A_4670"}, {"name": "Target Facility", "value": "WEB SMALL DATASET"}, {"name": "Target Work Center", "value": "WAFER SORT"}, {"name": "Target Device", "value": "4670"}, {"name": "Target Test Program", "value": "POSTBAKE_A_4670"}, {"name": "Policies", "value": "4670 Test Program"}, {"name": "Expected Chart", "value": "WSDS_4670_PREBAKE_A_4670_WSDS_4670_POSTBAKE_A_4670_4670 Test Program_WM_C_Chart.jpg"}, {"name": "Expected Legend", "value": "WSDS_4670_PREBAKE_A_4670_WSDS_4670_POSTBAKE_A_4670_4670 Test Program_WM_C_Legend.jpg"}], "start": 1722842126090, "stop": 1722842437941, "uuid": "a205b597-8122-4086-a76e-832e5fa05186", "historyId": "4e719dbff4a50926d713c3f0a63f1877", "fullName": "SWM Policies: YWPD-TC-336 - Verify that the user is able to automate SWM Policies successfully with web small", "labels": [{"name": "severity", "value": "normal"}, {"name": "tag", "value": "YWPD-TC-336"}, {"name": "tag", "value": "retry"}, {"name": "feature", "value": "SWM Policies"}, {"name": "framework", "value": "behave"}, {"name": "language", "value": "cpython3"}]}