{"name": "YWPD-TC-339 - Verify that user is able to generate the Static PAT Test Program Level Rule -- @1.1 ", "status": "broken", "statusDetails": {"message": "selenium.common.exceptions.ElementClickInterceptedException: Message: element click intercepted: Element <input id=\"btn-save\" type=\"button\" name=\"toStep2\" value=\"Save\" class=\"btn btn-info\" data-request-url=\"/Rules/SavePAT_RulesDetails\" onclick=\"savePATRulesDetails('/Rules','/PAT/UpdateRules');\"> is not clickable at point (1386, 691). Other element would receive the click: <div class=\"modal1\">...</div>\n  (Session info: chrome=127.0.6533.74)\nStacktrace:\n\tGetHandleVerifier [0x00007FF65A5D9632+30946]\n\t(No symbol) [0x00007FF65A58E3C9]\n\t(No symbol) [0x00007FF65A486FDA]\n\t(No symbol) [0x00007FF65A4DFEEE]\n\t(No symbol) [0x00007FF65A4DD962]\n\t(No symbol) [0x00007FF65A4DAE7B]\n\t(No symbol) [0x00007FF65A4DA095]\n\t(No symbol) [0x00007FF65A4CC271]\n\t(No symbol) [0x00007FF65A4FCA6A]\n\t(No symbol) [0x00007FF65A4CBBB6]\n\t(No symbol) [0x00007FF65A4FCC80]\n\t(No symbol) [0x00007FF65A51B041]\n\t(No symbol) [0x00007FF65A4FC813]\n\t(No symbol) [0x00007FF65A4CA6E5]\n\t(No symbol) [0x00007FF65A4CB021]\n\tGetHandleVerifier [0x00007FF65A70F83D+1301229]\n\tGetHandleVerifier [0x00007FF65A71BDB7+1351783]\n\tGetHandleVerifier [0x00007FF65A712A03+1313971]\n\tGetHandleVerifier [0x00007FF65A60DD06+245686]\n\t(No symbol) [0x00007FF65A59758F]\n\t(No symbol) [0x00007FF65A593804]\n\t(No symbol) [0x00007FF65A593992]\n\t(No symbol) [0x00007FF65A58A3EF]\n\tBaseThreadInitThunk [0x00007FFDEF26257D+29]\n\tRtlUserThreadStart [0x00007FFDEF66AF28+40]\n\n", "trace": "  File \"C:\\Users\\shahbaz.hanif\\AppData\\Local\\Programs\\Python\\Python312\\Lib\\site-packages\\behave\\model.py\", line 1329, in run\n    match.run(runner.context)\n  File \"C:\\Users\\shahbaz.hanif\\AppData\\Local\\Programs\\Python\\Python312\\Lib\\site-packages\\behave\\matchers.py\", line 98, in run\n    self.func(context, *args, **kwargs)\n  File \"features\\steps\\PatRuleStaticTestProgramLevel.py\", line 125, in step_impl\n    pt.click_on_save_button(context)\n  File \"D:\\MyData\\yieldWerx_Automation_1.0\\Pages\\NewStaticPatWindowPage.py\", line 62, in click_on_save_button\n    wait.until(EC.visibility_of_element_located((By.XPATH, self.save_button_xpath))).click()\n  File \"C:\\Users\\shahbaz.hanif\\AppData\\Local\\Programs\\Python\\Python312\\Lib\\site-packages\\selenium\\webdriver\\remote\\webelement.py\", line 94, in click\n    self._execute(Command.CLICK_ELEMENT)\n  File \"C:\\Users\\shahbaz.hanif\\AppData\\Local\\Programs\\Python\\Python312\\Lib\\site-packages\\selenium\\webdriver\\remote\\webelement.py\", line 395, in _execute\n    return self._parent.execute(command, params)\n           ^^^^^^^^^^^^^^^^^^^^^^^^^^^^^^^^^^^^^\n  File \"C:\\Users\\shahbaz.hanif\\AppData\\Local\\Programs\\Python\\Python312\\Lib\\site-packages\\selenium\\webdriver\\remote\\webdriver.py\", line 354, in execute\n    self.error_handler.check_response(response)\n  File \"C:\\Users\\shahbaz.hanif\\AppData\\Local\\Programs\\Python\\Python312\\Lib\\site-packages\\selenium\\webdriver\\remote\\errorhandler.py\", line 229, in check_response\n    raise exception_class(message, screen, stacktrace)\n"}, "steps": [{"name": "Given After login click on \"Quality & PAT\" in the left menu bar", "status": "passed", "start": 1722607257208, "stop": 1722607271575}, {"name": "When Click on \"PAT Rules\"", "status": "passed", "start": 1722607271575, "stop": 1722607274011}, {"name": "When Click \"New Static PAT\" button from PAT Rules window", "status": "passed", "start": 1722607274011, "stop": 1722607276133}, {"name": "When Create PAT Rule window will be open and enter rule name as \"Static Test program level rule\" and description in \"General\" tab", "status": "passed", "start": 1722607276133, "stop": 1722607289669}, {"name": "When Navigate into the parameters tab and select \"Facility\" as \"WEB SMALL DATA SET\"", "status": "passed", "start": 1722607289669, "stop": 1722607289770}, {"name": "When After selecting \"Facility\" data will be populated automatically for work center, device and test program", "status": "passed", "start": 1722607289770, "stop": 1722607301019}, {"name": "When Select the \"Idd_prewrite Idd_prewrite\"", "status": "passed", "start": 1722607301019, "stop": 1722607317506}, {"name": "When Keep default settings for \"Validate PAT Limits Against\" check box", "status": "passed", "start": 1722607317507, "stop": 1722607317557}, {"name": "When Select Bin Type from drop down", "status": "passed", "start": 1722607317557, "stop": 1722607317629}, {"name": "When Navigate to the \"Static Limits\" tab and enter value for as \"6.502738888888891\" and  as \"14.922961111111107\"", "status": "passed", "start": 1722607317629, "stop": 1722607320908}, {"name": "When Click on the \"Calculate Seed\" button", "status": "passed", "start": 1722607320908, "stop": 1722607320958}, {"name": "When Create PAT Rule window will open after clicking \"Calculate Seed\" button and available Lots will appear", "status": "passed", "start": 1722607320958, "stop": 1722607322508}, {"name": "When Select Lot and click \"Calculate\" button", "status": "passed", "start": 1722607322508, "stop": 1722607323085}, {"name": "When Value for \"6.502738888888891\" and \"14.922961111111107\" will be calculated automatically", "status": "passed", "start": 1722607323085, "stop": 1722607323107}, {"name": "When Enter the lot number for \"8\"", "status": "passed", "start": 1722607323107, "stop": 1722607323168}, {"name": "When Provide the \"6\"", "status": "passed", "start": 1722607323168, "stop": 1722607323232}, {"name": "When Select option from \"Both (Lower & Upper) PAT Limits\" dropdown", "status": "passed", "start": 1722607323232, "stop": 1722607323282}, {"name": "When Provide \"22\" and \"22\"", "status": "passed", "start": 1722607323282, "stop": 1722607323404}, {"name": "When Then provide the \"44\" and \"44\"", "status": "passed", "start": 1722607323404, "stop": 1722607323536}, {"name": "When Click \"Save\" button", "status": "broken", "statusDetails": {"message": "selenium.common.exceptions.ElementClickInterceptedException: Message: element click intercepted: Element <input id=\"btn-save\" type=\"button\" name=\"toStep2\" value=\"Save\" class=\"btn btn-info\" data-request-url=\"/Rules/SavePAT_RulesDetails\" onclick=\"savePATRulesDetails('/Rules','/PAT/UpdateRules');\"> is not clickable at point (1386, 691). Other element would receive the click: <div class=\"modal1\">...</div>\n  (Session info: chrome=127.0.6533.74)\nStacktrace:\n\tGetHandleVerifier [0x00007FF65A5D9632+30946]\n\t(No symbol) [0x00007FF65A58E3C9]\n\t(No symbol) [0x00007FF65A486FDA]\n\t(No symbol) [0x00007FF65A4DFEEE]\n\t(No symbol) [0x00007FF65A4DD962]\n\t(No symbol) [0x00007FF65A4DAE7B]\n\t(No symbol) [0x00007FF65A4DA095]\n\t(No symbol) [0x00007FF65A4CC271]\n\t(No symbol) [0x00007FF65A4FCA6A]\n\t(No symbol) [0x00007FF65A4CBBB6]\n\t(No symbol) [0x00007FF65A4FCC80]\n\t(No symbol) [0x00007FF65A51B041]\n\t(No symbol) [0x00007FF65A4FC813]\n\t(No symbol) [0x00007FF65A4CA6E5]\n\t(No symbol) [0x00007FF65A4CB021]\n\tGetHandleVerifier [0x00007FF65A70F83D+1301229]\n\tGetHandleVerifier [0x00007FF65A71BDB7+1351783]\n\tGetHandleVerifier [0x00007FF65A712A03+1313971]\n\tGetHandleVerifier [0x00007FF65A60DD06+245686]\n\t(No symbol) [0x00007FF65A59758F]\n\t(No symbol) [0x00007FF65A593804]\n\t(No symbol) [0x00007FF65A593992]\n\t(No symbol) [0x00007FF65A58A3EF]\n\tBaseThreadInitThunk [0x00007FFDEF26257D+29]\n\tRtlUserThreadStart [0x00007FFDEF66AF28+40]\n\n", "trace": "  File \"C:\\Users\\shahbaz.hanif\\AppData\\Local\\Programs\\Python\\Python312\\Lib\\site-packages\\behave\\model.py\", line 1329, in run\n    match.run(runner.context)\n  File \"C:\\Users\\shahbaz.hanif\\AppData\\Local\\Programs\\Python\\Python312\\Lib\\site-packages\\behave\\matchers.py\", line 98, in run\n    self.func(context, *args, **kwargs)\n  File \"features\\steps\\PatRuleStaticTestProgramLevel.py\", line 125, in step_impl\n    pt.click_on_save_button(context)\n  File \"D:\\MyData\\yieldWerx_Automation_1.0\\Pages\\NewStaticPatWindowPage.py\", line 62, in click_on_save_button\n    wait.until(EC.visibility_of_element_located((By.XPATH, self.save_button_xpath))).click()\n  File \"C:\\Users\\shahbaz.hanif\\AppData\\Local\\Programs\\Python\\Python312\\Lib\\site-packages\\selenium\\webdriver\\remote\\webelement.py\", line 94, in click\n    self._execute(Command.CLICK_ELEMENT)\n  File \"C:\\Users\\shahbaz.hanif\\AppData\\Local\\Programs\\Python\\Python312\\Lib\\site-packages\\selenium\\webdriver\\remote\\webelement.py\", line 395, in _execute\n    return self._parent.execute(command, params)\n           ^^^^^^^^^^^^^^^^^^^^^^^^^^^^^^^^^^^^^\n  File \"C:\\Users\\shahbaz.hanif\\AppData\\Local\\Programs\\Python\\Python312\\Lib\\site-packages\\selenium\\webdriver\\remote\\webdriver.py\", line 354, in execute\n    self.error_handler.check_response(response)\n  File \"C:\\Users\\shahbaz.hanif\\AppData\\Local\\Programs\\Python\\Python312\\Lib\\site-packages\\selenium\\webdriver\\remote\\errorhandler.py\", line 229, in check_response\n    raise exception_class(message, screen, stacktrace)\n"}, "attachments": [{"name": "failed_screenshot", "source": "1fda55fa-ad16-4712-9d1b-dfb1924a47e0-attachment.png", "type": "image/png"}], "start": 1722607323536, "stop": 1722607324731}], "parameters": [{"name": "name", "value": "Static Test program level rule"}, {"name": "Facility", "value": "WEB SMALL DATA SET"}, {"name": "Parameter Number", "value": "Idd_prewrite Idd_prewrite"}, {"name": "Low Seed Limit", "value": "6.502738888888891"}, {"name": "High Seed Limit", "value": "14.922961111111107"}, {"name": "After Every Lots", "value": "8"}, {"name": "Value of K", "value": "6"}, {"name": "PAT limit to Apply", "value": "Both (Lower & Upper) PAT Limits"}, {"name": "Hard Bin Number for Lower PAT limit", "value": "22"}, {"name": "Soft Bin Number for Lower PAT limit", "value": "22"}, {"name": "Hard Bin Number for Upper PAT limit", "value": "44"}, {"name": "Soft Bin Number for Upper PAT limit", "value": "44"}], "start": 1722607257207, "stop": 1722607324732, "uuid": "809734a3-dac8-4ab0-bab5-9217b833cdca", "historyId": "3f878bad3c79462e3721f21f8898a0f2", "fullName": "PAT Rule: YWPD-TC-339 - Verify that user is able to generate the Static PAT Test Program Level Rule", "labels": [{"name": "severity", "value": "normal"}, {"name": "tag", "value": "YWPD-TC-339"}, {"name": "tag", "value": "retry"}, {"name": "feature", "value": "PAT Rule"}, {"name": "framework", "value": "behave"}, {"name": "language", "value": "cpython3"}]}